<?xml version="1.0" encoding="UTF-8"?>
<persistence xmlns="http://java.sun.com/xml/ns/persistence" xmlns:xsi="http://www.w3.org/2001/XMLSchema-instance"
             xsi:schemaLocation="http://java.sun.com/xml/ns/persistence http://java.sun.com/xml/ns/persistence/persistence_2_0.xsd"
             version="2.0">
    <persistence-unit name="cms" transaction-type="JTA">
           <jta-data-source>java:jboss/datasources/ExampleDS</jta-data-source>
        <properties>
            <property name="hibernate.dialect" value="org.hibernate.dialect.H2Dialect"/>
            <property name="javax.persistence.schema-generation.database.action" value="drop-and-create"/>
            <property name="javax.persistence.sql-load-script-source" value="META-INF/sql/test-person-service.sql"/>
        </properties>
    </persistence-unit>
</persistence>